???? SHOW ?? Ups! Error inesperado. Por favor, contacte al administrador del sistema. 
????? LOG  ?? 2026-01-14 20:46:33 | LPHormigaDAO.readBy | [SQLITE_ERROR] SQL error or missing database (no such table: Hormiga)
???? SHOW ?? Ups! Error inesperado. Por favor, contacte al administrador del sistema. 
????? LOG  ?? 2026-01-14 20:46:45 | LPHormigaDAO.readBy | [SQLITE_ERROR] SQL error or missing database (no such table: Hormiga)
???? SHOW ?? Ups! Error inesperado. Por favor, contacte al administrador del sistema. 
????? LOG  ?? 2026-01-14 20:49:36 | LPHormigaDAO.readBy | [SQLITE_ERROR] SQL error or missing database (no such table: Hormiga)
???? SHOW ?? Ups! Error inesperado. Por favor, contacte al administrador del sistema. 
????? LOG  ?? 2026-01-14 20:51:32 | LPHormigaDAO.readBy | [SQLITE_ERROR] SQL error or missing database (no such table: Hormiga)
???? SHOW ?? Ups! Error inesperado. Por favor, contacte al administrador del sistema. 
????? LOG  ?? 2026-01-14 20:52:52 | LPHormigaDAO.readBy | [SQLITE_ERROR] SQL error or missing database (no such table: Hormiga)
???? SHOW ?? Ups! Error inesperado. Por favor, contacte al administrador del sistema. 
????? LOG  ?? 2026-01-14 23:26:41 | LPHormigaDAO.create | [SQLITE_ERROR] SQL error or missing database (table LPHormiga has no column named Descripcion)
???? SHOW ?? Ups! Error inesperado. Por favor, contacte al administrador del sistema. 
????? LOG  ?? 2026-01-14 23:26:41 | LPHormigaDAO.create | [SQLITE_ERROR] SQL error or missing database (table LPHormiga has no column named Descripcion)
???? SHOW ?? Ups! Error inesperado. Por favor, contacte al administrador del sistema. 
????? LOG  ?? 2026-01-14 23:26:41 | LPHormigaDAO.create | [SQLITE_ERROR] SQL error or missing database (table LPHormiga has no column named Descripcion)
???? SHOW ?? Ups! Error inesperado. Por favor, contacte al administrador del sistema. 
????? LOG  ?? 2026-01-14 23:26:41 | LPHormigaDAO.create | [SQLITE_ERROR] SQL error or missing database (table LPHormiga has no column named Descripcion)
???? SHOW ?? Ups! Error inesperado. Por favor, contacte al administrador del sistema. 
????? LOG  ?? 2026-01-14 23:26:41 | LPHormigaDAO.create | [SQLITE_ERROR] SQL error or missing database (table LPHormiga has no column named Descripcion)
???? SHOW ?? Ups! Error inesperado. Por favor, contacte al administrador del sistema. 
????? LOG  ?? 2026-01-14 23:26:41 | LPHormigaDAO.create | [SQLITE_ERROR] SQL error or missing database (table LPHormiga has no column named Descripcion)
???? SHOW ?? Ups! Error inesperado. Por favor, contacte al administrador del sistema. 
????? LOG  ?? 2026-01-14 23:26:41 | LPHormigaDAO.create | [SQLITE_ERROR] SQL error or missing database (table LPHormiga has no column named Descripcion)
???? SHOW ?? Ups! Error inesperado. Por favor, contacte al administrador del sistema. 
????? LOG  ?? 2026-01-14 23:26:41 | LPHormigaDAO.create | [SQLITE_ERROR] SQL error or missing database (table LPHormiga has no column named Descripcion)
???? SHOW ?? Ups! Error inesperado. Por favor, contacte al administrador del sistema. 
????? LOG  ?? 2026-01-14 23:26:41 | LPHormigaDAO.create | [SQLITE_ERROR] SQL error or missing database (table LPHormiga has no column named Descripcion)
???? SHOW ?? Ups! Error inesperado. Por favor, contacte al administrador del sistema. 
????? LOG  ?? 2026-01-14 23:26:41 | LPHormigaDAO.create | [SQLITE_ERROR] SQL error or missing database (table LPHormiga has no column named Descripcion)
???? SHOW ?? Ups! Error inesperado. Por favor, contacte al administrador del sistema. 
????? LOG  ?? 2026-01-14 23:26:41 | LPHormigaDAO.create | [SQLITE_ERROR] SQL error or missing database (table LPHormiga has no column named Descripcion)
???? SHOW ?? Ups! Error inesperado. Por favor, contacte al administrador del sistema. 
????? LOG  ?? 2026-01-14 23:26:41 | LPHormigaDAO.create | [SQLITE_ERROR] SQL error or missing database (table LPHormiga has no column named Descripcion)
???? SHOW ?? Ups! Error inesperado. Por favor, contacte al administrador del sistema. 
????? LOG  ?? 2026-01-14 23:26:41 | LPHormigaDAO.create | [SQLITE_ERROR] SQL error or missing database (table LPHormiga has no column named Descripcion)
???? SHOW ?? Ups! Error inesperado. Por favor, contacte al administrador del sistema. 
????? LOG  ?? 2026-01-14 23:26:41 | LPHormigaDAO.create | [SQLITE_ERROR] SQL error or missing database (table LPHormiga has no column named Descripcion)
???? SHOW ?? Ups! Error inesperado. Por favor, contacte al administrador del sistema. 
????? LOG  ?? 2026-01-14 23:26:41 | LPHormigaDAO.create | [SQLITE_ERROR] SQL error or missing database (table LPHormiga has no column named Descripcion)
???? SHOW ?? Ups! Error inesperado. Por favor, contacte al administrador del sistema. 
????? LOG  ?? 2026-01-14 23:26:41 | LPHormigaDAO.create | [SQLITE_ERROR] SQL error or missing database (table LPHormiga has no column named Descripcion)
???? SHOW ?? Ups! Error inesperado. Por favor, contacte al administrador del sistema. 
????? LOG  ?? 2026-01-14 23:26:41 | LPHormigaDAO.create | [SQLITE_ERROR] SQL error or missing database (table LPHormiga has no column named Descripcion)
???? SHOW ?? Ups! Error inesperado. Por favor, contacte al administrador del sistema. 
????? LOG  ?? 2026-01-14 23:26:41 | LPHormigaDAO.create | [SQLITE_ERROR] SQL error or missing database (table LPHormiga has no column named Descripcion)
???? SHOW ?? Ups! Error inesperado. Por favor, contacte al administrador del sistema. 
????? LOG  ?? 2026-01-14 23:26:41 | LPHormigaDAO.create | [SQLITE_ERROR] SQL error or missing database (table LPHormiga has no column named Descripcion)
???? SHOW ?? Ups! Error inesperado. Por favor, contacte al administrador del sistema. 
????? LOG  ?? 2026-01-14 23:26:41 | LPHormigaDAO.create | [SQLITE_ERROR] SQL error or missing database (table LPHormiga has no column named Descripcion)
???? SHOW ?? Ups! Error inesperado. Por favor, contacte al administrador del sistema. 
????? LOG  ?? 2026-01-14 23:26:41 | LPHormigaDAO.create | [SQLITE_ERROR] SQL error or missing database (table LPHormiga has no column named Descripcion)
???? SHOW ?? Ups! Error inesperado. Por favor, contacte al administrador del sistema. 
????? LOG  ?? 2026-01-14 23:26:41 | LPHormigaDAO.create | [SQLITE_ERROR] SQL error or missing database (table LPHormiga has no column named Descripcion)
???? SHOW ?? Ups! Error inesperado. Por favor, contacte al administrador del sistema. 
????? LOG  ?? 2026-01-14 23:26:41 | LPHormigaDAO.create | [SQLITE_ERROR] SQL error or missing database (table LPHormiga has no column named Descripcion)
???? SHOW ?? Ups! Error inesperado. Por favor, contacte al administrador del sistema. 
????? LOG  ?? 2026-01-14 23:26:41 | LPHormigaDAO.create | [SQLITE_ERROR] SQL error or missing database (table LPHormiga has no column named Descripcion)
???? SHOW ?? Ups! Error inesperado. Por favor, contacte al administrador del sistema. 
????? LOG  ?? 2026-01-14 23:26:41 | LPHormigaDAO.create | [SQLITE_ERROR] SQL error or missing database (table LPHormiga has no column named Descripcion)
???? SHOW ?? Ups! Error inesperado. Por favor, contacte al administrador del sistema. 
????? LOG  ?? 2026-01-14 23:26:41 | LPHormigaDAO.create | [SQLITE_ERROR] SQL error or missing database (table LPHormiga has no column named Descripcion)
???? SHOW ?? Ups! Error inesperado. Por favor, contacte al administrador del sistema. 
????? LOG  ?? 2026-01-14 23:26:41 | LPHormigaDAO.create | [SQLITE_ERROR] SQL error or missing database (table LPHormiga has no column named Descripcion)
???? SHOW ?? Ups! Error inesperado. Por favor, contacte al administrador del sistema. 
????? LOG  ?? 2026-01-14 23:26:41 | LPHormigaDAO.create | [SQLITE_ERROR] SQL error or missing database (table LPHormiga has no column named Descripcion)
???? SHOW ?? Ups! Error inesperado. Por favor, contacte al administrador del sistema. 
????? LOG  ?? 2026-01-14 23:26:41 | LPHormigaDAO.create | [SQLITE_ERROR] SQL error or missing database (table LPHormiga has no column named Descripcion)
???? SHOW ?? Ups! Error inesperado. Por favor, contacte al administrador del sistema. 
????? LOG  ?? 2026-01-14 23:26:41 | LPHormigaDAO.create | [SQLITE_ERROR] SQL error or missing database (table LPHormiga has no column named Descripcion)
???? SHOW ?? Ups! Error inesperado. Por favor, contacte al administrador del sistema. 
????? LOG  ?? 2026-01-14 23:27:15 | LPHormigaDAO.create | [SQLITE_ERROR] SQL error or missing database (table LPHormiga has no column named Descripcion)
???? SHOW ?? Ups! Error inesperado. Por favor, contacte al administrador del sistema. 
????? LOG  ?? 2026-01-14 23:27:15 | LPHormigaDAO.create | [SQLITE_ERROR] SQL error or missing database (table LPHormiga has no column named Descripcion)
???? SHOW ?? Ups! Error inesperado. Por favor, contacte al administrador del sistema. 
????? LOG  ?? 2026-01-14 23:27:15 | LPHormigaDAO.create | [SQLITE_ERROR] SQL error or missing database (table LPHormiga has no column named Descripcion)
???? SHOW ?? Ups! Error inesperado. Por favor, contacte al administrador del sistema. 
????? LOG  ?? 2026-01-14 23:27:15 | LPHormigaDAO.create | [SQLITE_ERROR] SQL error or missing database (table LPHormiga has no column named Descripcion)
???? SHOW ?? Ups! Error inesperado. Por favor, contacte al administrador del sistema. 
????? LOG  ?? 2026-01-14 23:27:15 | LPHormigaDAO.create | [SQLITE_ERROR] SQL error or missing database (table LPHormiga has no column named Descripcion)
???? SHOW ?? Ups! Error inesperado. Por favor, contacte al administrador del sistema. 
????? LOG  ?? 2026-01-14 23:27:15 | LPHormigaDAO.create | [SQLITE_ERROR] SQL error or missing database (table LPHormiga has no column named Descripcion)
???? SHOW ?? Ups! Error inesperado. Por favor, contacte al administrador del sistema. 
????? LOG  ?? 2026-01-14 23:27:15 | LPHormigaDAO.create | [SQLITE_ERROR] SQL error or missing database (table LPHormiga has no column named Descripcion)
???? SHOW ?? Ups! Error inesperado. Por favor, contacte al administrador del sistema. 
????? LOG  ?? 2026-01-14 23:27:15 | LPHormigaDAO.create | [SQLITE_ERROR] SQL error or missing database (table LPHormiga has no column named Descripcion)
???? SHOW ?? Ups! Error inesperado. Por favor, contacte al administrador del sistema. 
????? LOG  ?? 2026-01-14 23:27:15 | LPHormigaDAO.create | [SQLITE_ERROR] SQL error or missing database (table LPHormiga has no column named Descripcion)
???? SHOW ?? Ups! Error inesperado. Por favor, contacte al administrador del sistema. 
????? LOG  ?? 2026-01-14 23:27:15 | LPHormigaDAO.create | [SQLITE_ERROR] SQL error or missing database (table LPHormiga has no column named Descripcion)
???? SHOW ?? Ups! Error inesperado. Por favor, contacte al administrador del sistema. 
????? LOG  ?? 2026-01-14 23:27:15 | LPHormigaDAO.create | [SQLITE_ERROR] SQL error or missing database (table LPHormiga has no column named Descripcion)
???? SHOW ?? Ups! Error inesperado. Por favor, contacte al administrador del sistema. 
????? LOG  ?? 2026-01-14 23:27:15 | LPHormigaDAO.create | [SQLITE_ERROR] SQL error or missing database (table LPHormiga has no column named Descripcion)
???? SHOW ?? Ups! Error inesperado. Por favor, contacte al administrador del sistema. 
????? LOG  ?? 2026-01-14 23:27:15 | LPHormigaDAO.create | [SQLITE_ERROR] SQL error or missing database (table LPHormiga has no column named Descripcion)
???? SHOW ?? Ups! Error inesperado. Por favor, contacte al administrador del sistema. 
????? LOG  ?? 2026-01-14 23:27:15 | LPHormigaDAO.create | [SQLITE_ERROR] SQL error or missing database (table LPHormiga has no column named Descripcion)
???? SHOW ?? Ups! Error inesperado. Por favor, contacte al administrador del sistema. 
????? LOG  ?? 2026-01-14 23:27:15 | LPHormigaDAO.create | [SQLITE_ERROR] SQL error or missing database (table LPHormiga has no column named Descripcion)
???? SHOW ?? Ups! Error inesperado. Por favor, contacte al administrador del sistema. 
????? LOG  ?? 2026-01-14 23:27:15 | LPHormigaDAO.create | [SQLITE_ERROR] SQL error or missing database (table LPHormiga has no column named Descripcion)
???? SHOW ?? Ups! Error inesperado. Por favor, contacte al administrador del sistema. 
????? LOG  ?? 2026-01-14 23:27:15 | LPHormigaDAO.create | [SQLITE_ERROR] SQL error or missing database (table LPHormiga has no column named Descripcion)
???? SHOW ?? Ups! Error inesperado. Por favor, contacte al administrador del sistema. 
????? LOG  ?? 2026-01-14 23:27:15 | LPHormigaDAO.create | [SQLITE_ERROR] SQL error or missing database (table LPHormiga has no column named Descripcion)
???? SHOW ?? Ups! Error inesperado. Por favor, contacte al administrador del sistema. 
????? LOG  ?? 2026-01-14 23:27:15 | LPHormigaDAO.create | [SQLITE_ERROR] SQL error or missing database (table LPHormiga has no column named Descripcion)
???? SHOW ?? Ups! Error inesperado. Por favor, contacte al administrador del sistema. 
????? LOG  ?? 2026-01-14 23:27:15 | LPHormigaDAO.create | [SQLITE_ERROR] SQL error or missing database (table LPHormiga has no column named Descripcion)
???? SHOW ?? Ups! Error inesperado. Por favor, contacte al administrador del sistema. 
????? LOG  ?? 2026-01-14 23:27:15 | LPHormigaDAO.create | [SQLITE_ERROR] SQL error or missing database (table LPHormiga has no column named Descripcion)
???? SHOW ?? Ups! Error inesperado. Por favor, contacte al administrador del sistema. 
????? LOG  ?? 2026-01-14 23:27:15 | LPHormigaDAO.create | [SQLITE_ERROR] SQL error or missing database (table LPHormiga has no column named Descripcion)
???? SHOW ?? Ups! Error inesperado. Por favor, contacte al administrador del sistema. 
????? LOG  ?? 2026-01-14 23:27:15 | LPHormigaDAO.create | [SQLITE_ERROR] SQL error or missing database (table LPHormiga has no column named Descripcion)
???? SHOW ?? Ups! Error inesperado. Por favor, contacte al administrador del sistema. 
????? LOG  ?? 2026-01-14 23:27:15 | LPHormigaDAO.create | [SQLITE_ERROR] SQL error or missing database (table LPHormiga has no column named Descripcion)
???? SHOW ?? Ups! Error inesperado. Por favor, contacte al administrador del sistema. 
????? LOG  ?? 2026-01-14 23:27:15 | LPHormigaDAO.create | [SQLITE_ERROR] SQL error or missing database (table LPHormiga has no column named Descripcion)
???? SHOW ?? Ups! Error inesperado. Por favor, contacte al administrador del sistema. 
????? LOG  ?? 2026-01-14 23:27:15 | LPHormigaDAO.create | [SQLITE_ERROR] SQL error or missing database (table LPHormiga has no column named Descripcion)
???? SHOW ?? Ups! Error inesperado. Por favor, contacte al administrador del sistema. 
????? LOG  ?? 2026-01-14 23:27:15 | LPHormigaDAO.create | [SQLITE_ERROR] SQL error or missing database (table LPHormiga has no column named Descripcion)
???? SHOW ?? Ups! Error inesperado. Por favor, contacte al administrador del sistema. 
????? LOG  ?? 2026-01-14 23:27:15 | LPHormigaDAO.create | [SQLITE_ERROR] SQL error or missing database (table LPHormiga has no column named Descripcion)
???? SHOW ?? Ups! Error inesperado. Por favor, contacte al administrador del sistema. 
????? LOG  ?? 2026-01-14 23:27:15 | LPHormigaDAO.create | [SQLITE_ERROR] SQL error or missing database (table LPHormiga has no column named Descripcion)
???? SHOW ?? Ups! Error inesperado. Por favor, contacte al administrador del sistema. 
????? LOG  ?? 2026-01-14 23:27:15 | LPHormigaDAO.create | [SQLITE_ERROR] SQL error or missing database (table LPHormiga has no column named Descripcion)
???? SHOW ?? Ups! Error inesperado. Por favor, contacte al administrador del sistema. 
????? LOG  ?? 2026-01-15 03:42:09 | LPHormigaDAO.create | [SQLITE_CONSTRAINT_UNIQUE] A UNIQUE constraint failed (UNIQUE constraint failed: LPHormiga.Nombre)
???? SHOW ?? Ups! Error inesperado. Por favor, contacte al administrador del sistema. 
????? LOG  ?? 2026-01-15 03:42:09 | LPHormigaDAO.create | [SQLITE_CONSTRAINT_UNIQUE] A UNIQUE constraint failed (UNIQUE constraint failed: LPHormiga.Nombre)
???? SHOW ?? Ups! Error inesperado. Por favor, contacte al administrador del sistema. 
????? LOG  ?? 2026-01-15 03:42:09 | LPHormigaDAO.create | [SQLITE_CONSTRAINT_UNIQUE] A UNIQUE constraint failed (UNIQUE constraint failed: LPHormiga.Nombre)
???? SHOW ?? Ups! Error inesperado. Por favor, contacte al administrador del sistema. 
????? LOG  ?? 2026-01-15 03:42:09 | LPHormigaDAO.create | [SQLITE_CONSTRAINT_UNIQUE] A UNIQUE constraint failed (UNIQUE constraint failed: LPHormiga.Nombre)
???? SHOW ?? Ups! Error inesperado. Por favor, contacte al administrador del sistema. 
????? LOG  ?? 2026-01-15 03:42:09 | LPHormigaDAO.create | [SQLITE_CONSTRAINT_UNIQUE] A UNIQUE constraint failed (UNIQUE constraint failed: LPHormiga.Nombre)
???? SHOW ?? Ups! Error inesperado. Por favor, contacte al administrador del sistema. 
????? LOG  ?? 2026-01-15 03:42:09 | LPHormigaDAO.create | [SQLITE_CONSTRAINT_UNIQUE] A UNIQUE constraint failed (UNIQUE constraint failed: LPHormiga.Nombre)
???? SHOW ?? Ups! Error inesperado. Por favor, contacte al administrador del sistema. 
????? LOG  ?? 2026-01-15 03:42:09 | LPHormigaDAO.create | [SQLITE_CONSTRAINT_UNIQUE] A UNIQUE constraint failed (UNIQUE constraint failed: LPHormiga.Nombre)
???? SHOW ?? Ups! Error inesperado. Por favor, contacte al administrador del sistema. 
????? LOG  ?? 2026-01-15 03:42:09 | LPHormigaDAO.create | [SQLITE_CONSTRAINT_UNIQUE] A UNIQUE constraint failed (UNIQUE constraint failed: LPHormiga.Nombre)
???? SHOW ?? Ups! Error inesperado. Por favor, contacte al administrador del sistema. 
????? LOG  ?? 2026-01-15 03:42:09 | LPHormigaDAO.create | [SQLITE_CONSTRAINT_UNIQUE] A UNIQUE constraint failed (UNIQUE constraint failed: LPHormiga.Nombre)
???? SHOW ?? Ups! Error inesperado. Por favor, contacte al administrador del sistema. 
????? LOG  ?? 2026-01-15 03:42:09 | LPHormigaDAO.create | [SQLITE_CONSTRAINT_UNIQUE] A UNIQUE constraint failed (UNIQUE constraint failed: LPHormiga.Nombre)
???? SHOW ?? Ups! Error inesperado. Por favor, contacte al administrador del sistema. 
????? LOG  ?? 2026-01-15 03:42:09 | LPHormigaDAO.create | [SQLITE_CONSTRAINT_UNIQUE] A UNIQUE constraint failed (UNIQUE constraint failed: LPHormiga.Nombre)
???? SHOW ?? Ups! Error inesperado. Por favor, contacte al administrador del sistema. 
????? LOG  ?? 2026-01-15 03:42:09 | LPHormigaDAO.create | [SQLITE_CONSTRAINT_UNIQUE] A UNIQUE constraint failed (UNIQUE constraint failed: LPHormiga.Nombre)
???? SHOW ?? Ups! Error inesperado. Por favor, contacte al administrador del sistema. 
????? LOG  ?? 2026-01-15 03:42:09 | LPHormigaDAO.create | [SQLITE_CONSTRAINT_UNIQUE] A UNIQUE constraint failed (UNIQUE constraint failed: LPHormiga.Nombre)
???? SHOW ?? Ups! Error inesperado. Por favor, contacte al administrador del sistema. 
????? LOG  ?? 2026-01-15 03:42:09 | LPHormigaDAO.create | [SQLITE_CONSTRAINT_UNIQUE] A UNIQUE constraint failed (UNIQUE constraint failed: LPHormiga.Nombre)
???? SHOW ?? Ups! Error inesperado. Por favor, contacte al administrador del sistema. 
????? LOG  ?? 2026-01-15 03:42:09 | LPHormigaDAO.create | [SQLITE_CONSTRAINT_UNIQUE] A UNIQUE constraint failed (UNIQUE constraint failed: LPHormiga.Nombre)
???? SHOW ?? Ups! Error inesperado. Por favor, contacte al administrador del sistema. 
????? LOG  ?? 2026-01-15 03:42:09 | LPHormigaDAO.create | [SQLITE_CONSTRAINT_UNIQUE] A UNIQUE constraint failed (UNIQUE constraint failed: LPHormiga.Nombre)
???? SHOW ?? Ups! Error inesperado. Por favor, contacte al administrador del sistema. 
????? LOG  ?? 2026-01-15 03:42:09 | LPHormigaDAO.create | [SQLITE_CONSTRAINT_UNIQUE] A UNIQUE constraint failed (UNIQUE constraint failed: LPHormiga.Nombre)
???? SHOW ?? Ups! Error inesperado. Por favor, contacte al administrador del sistema. 
????? LOG  ?? 2026-01-15 03:42:09 | LPHormigaDAO.create | [SQLITE_CONSTRAINT_UNIQUE] A UNIQUE constraint failed (UNIQUE constraint failed: LPHormiga.Nombre)
???? SHOW ?? Ups! Error inesperado. Por favor, contacte al administrador del sistema. 
????? LOG  ?? 2026-01-15 03:42:09 | LPHormigaDAO.create | [SQLITE_CONSTRAINT_UNIQUE] A UNIQUE constraint failed (UNIQUE constraint failed: LPHormiga.Nombre)
???? SHOW ?? Ups! Error inesperado. Por favor, contacte al administrador del sistema. 
????? LOG  ?? 2026-01-15 03:42:09 | LPHormigaDAO.create | [SQLITE_CONSTRAINT_UNIQUE] A UNIQUE constraint failed (UNIQUE constraint failed: LPHormiga.Nombre)
???? SHOW ?? Ups! Error inesperado. Por favor, contacte al administrador del sistema. 
????? LOG  ?? 2026-01-15 03:42:09 | LPHormigaDAO.create | [SQLITE_CONSTRAINT_UNIQUE] A UNIQUE constraint failed (UNIQUE constraint failed: LPHormiga.Nombre)
???? SHOW ?? Ups! Error inesperado. Por favor, contacte al administrador del sistema. 
????? LOG  ?? 2026-01-15 03:42:09 | LPHormigaDAO.create | [SQLITE_CONSTRAINT_UNIQUE] A UNIQUE constraint failed (UNIQUE constraint failed: LPHormiga.Nombre)
???? SHOW ?? Ups! Error inesperado. Por favor, contacte al administrador del sistema. 
????? LOG  ?? 2026-01-15 03:42:09 | LPHormigaDAO.create | [SQLITE_CONSTRAINT_UNIQUE] A UNIQUE constraint failed (UNIQUE constraint failed: LPHormiga.Nombre)
???? SHOW ?? Ups! Error inesperado. Por favor, contacte al administrador del sistema. 
????? LOG  ?? 2026-01-15 03:42:09 | LPHormigaDAO.create | [SQLITE_CONSTRAINT_UNIQUE] A UNIQUE constraint failed (UNIQUE constraint failed: LPHormiga.Nombre)
???? SHOW ?? Ups! Error inesperado. Por favor, contacte al administrador del sistema. 
????? LOG  ?? 2026-01-15 03:42:09 | LPHormigaDAO.create | [SQLITE_CONSTRAINT_UNIQUE] A UNIQUE constraint failed (UNIQUE constraint failed: LPHormiga.Nombre)
???? SHOW ?? Ups! Error inesperado. Por favor, contacte al administrador del sistema. 
????? LOG  ?? 2026-01-15 03:42:09 | LPHormigaDAO.create | [SQLITE_CONSTRAINT_UNIQUE] A UNIQUE constraint failed (UNIQUE constraint failed: LPHormiga.Nombre)
???? SHOW ?? Ups! Error inesperado. Por favor, contacte al administrador del sistema. 
????? LOG  ?? 2026-01-15 03:42:09 | LPHormigaDAO.create | [SQLITE_CONSTRAINT_UNIQUE] A UNIQUE constraint failed (UNIQUE constraint failed: LPHormiga.Nombre)
???? SHOW ?? Ups! Error inesperado. Por favor, contacte al administrador del sistema. 
????? LOG  ?? 2026-01-15 03:42:09 | LPHormigaDAO.create | [SQLITE_CONSTRAINT_UNIQUE] A UNIQUE constraint failed (UNIQUE constraint failed: LPHormiga.Nombre)
???? SHOW ?? Ups! Error inesperado. Por favor, contacte al administrador del sistema. 
????? LOG  ?? 2026-01-15 03:42:29 | LPAlimentoTipoDAO.readAll | [SQLITE_ERROR] SQL error or missing database (no such column: Estado)
???? SHOW ?? Ups! Error inesperado. Por favor, contacte al administrador del sistema. 
????? LOG  ?? 2026-01-15 03:42:29 | LPAlimentoTipoDAO.readAll | [SQLITE_ERROR] SQL error or missing database (no such column: Estado)
???? SHOW ?? Ups! Error inesperado. Por favor, contacte al administrador del sistema. 
????? LOG  ?? 2026-01-15 03:42:29 | LPHormigaDAO.update | [SQLITE_CONSTRAINT_NOTNULL] A NOT NULL constraint failed (NOT NULL constraint failed: LPHormiga.IdSexo)
???? SHOW ?? Ups! Error inesperado. Por favor, contacte al administrador del sistema. 
????? LOG  ?? 2026-01-15 03:42:29 | LPAlimentoTipoDAO.readAll | [SQLITE_ERROR] SQL error or missing database (no such column: Estado)
???? SHOW ?? Ups! Error inesperado. Por favor, contacte al administrador del sistema. 
????? LOG  ?? 2026-01-15 03:42:29 | LPAlimentoTipoDAO.readAll | [SQLITE_ERROR] SQL error or missing database (no such column: Estado)
